<?xml version="1.0" encoding="UTF-8"?>
<!-- Generated by org.testng.reporters.JUnitReportReporter -->
<testsuite skipped="0" hostname="Sanket-PC" name="testPack.TestNG" tests="1" failures="0" timestamp="2023-02-07T15:42:46 IST" time="207.457" errors="0">
  <testcase name="Gotosignin" time="207.457" classname="testPack.TestNG"/>
  <system-out/>
</testsuite> <!-- testPack.TestNG -->
